{"uuid":"25695a7e-2ed0-4558-820a-2913bce61d39","historyId":"49ad069ac8b129b60380abec776d8e69","fullName":"Tests.PimEditEmployeeTest.pim_AddEmpPage_Validation","labels":[{"name":"package","value":"Tests.PimEditEmployeeTest"},{"name":"testClass","value":"Tests.PimEditEmployeeTest"},{"name":"testMethod","value":"pim_AddEmpPage_Validation"},{"name":"parentSuite","value":"Default Suite"},{"name":"suite","value":"MyFirstFramework"},{"name":"subSuite","value":"Tests.PimEditEmployeeTest"},{"name":"host","value":"NIS-PK708s-MacBook-Pro.local"},{"name":"thread","value":"89105@NIS-PK708s-MacBook-Pro.local.main(1)"},{"name":"framework","value":"testng"},{"name":"language","value":"java"}],"links":[],"name":"pim_AddEmpPage_Validation","status":"broken","statusDetails":{"known":false,"muted":false,"flaky":false,"message":"Cannot run program \"/Users/hsaad/Downloads/TestingImage3.exe\": error=2, No such file or directory","trace":"java.io.IOException: Cannot run program \"/Users/hsaad/Downloads/TestingImage3.exe\": error=2, No such file or directory\n\tat java.lang.ProcessBuilder.start(ProcessBuilder.java:1048)\n\tat java.lang.Runtime.exec(Runtime.java:620)\n\tat java.lang.Runtime.exec(Runtime.java:450)\n\tat java.lang.Runtime.exec(Runtime.java:347)\n\tat Pageobjects.Pim_EditEmployeePage.pimAddEmployee_addEmployeeDetails(Pim_EditEmployeePage.java:116)\n\tat Tests.PimEditEmployeeTest.pim_AddEmpPage_Validation(PimEditEmployeeTest.java:25)\n\tat sun.reflect.NativeMethodAccessorImpl.invoke0(Native Method)\n\tat sun.reflect.NativeMethodAccessorImpl.invoke(NativeMethodAccessorImpl.java:62)\n\tat sun.reflect.DelegatingMethodAccessorImpl.invoke(DelegatingMethodAccessorImpl.java:43)\n\tat java.lang.reflect.Method.invoke(Method.java:498)\n\tat org.testng.internal.MethodInvocationHelper.invokeMethod(MethodInvocationHelper.java:124)\n\tat org.testng.internal.Invoker.invokeMethod(Invoker.java:583)\n\tat org.testng.internal.Invoker.invokeTestMethod(Invoker.java:719)\n\tat org.testng.internal.Invoker.invokeTestMethods(Invoker.java:989)\n\tat org.testng.internal.TestMethodWorker.invokeTestMethods(TestMethodWorker.java:125)\n\tat org.testng.internal.TestMethodWorker.run(TestMethodWorker.java:109)\n\tat org.testng.TestRunner.privateRun(TestRunner.java:648)\n\tat org.testng.TestRunner.run(TestRunner.java:505)\n\tat org.testng.SuiteRunner.runTest(SuiteRunner.java:455)\n\tat org.testng.SuiteRunner.runSequentially(SuiteRunner.java:450)\n\tat org.testng.SuiteRunner.privateRun(SuiteRunner.java:415)\n\tat org.testng.SuiteRunner.run(SuiteRunner.java:364)\n\tat org.testng.SuiteRunnerWorker.runSuite(SuiteRunnerWorker.java:52)\n\tat org.testng.SuiteRunnerWorker.run(SuiteRunnerWorker.java:84)\n\tat org.testng.TestNG.runSuitesSequentially(TestNG.java:1208)\n\tat org.testng.TestNG.runSuitesLocally(TestNG.java:1137)\n\tat org.testng.TestNG.runSuites(TestNG.java:1049)\n\tat org.testng.TestNG.run(TestNG.java:1017)\n\tat com.intellij.rt.testng.IDEARemoteTestNG.run(IDEARemoteTestNG.java:66)\n\tat com.intellij.rt.testng.RemoteTestNGStarter.main(RemoteTestNGStarter.java:109)\nCaused by: java.io.IOException: error=2, No such file or directory\n\tat java.lang.UNIXProcess.forkAndExec(Native Method)\n\tat java.lang.UNIXProcess.<init>(UNIXProcess.java:247)\n\tat java.lang.ProcessImpl.start(ProcessImpl.java:134)\n\tat java.lang.ProcessBuilder.start(ProcessBuilder.java:1029)\n\t... 29 more\n"},"stage":"finished","steps":[],"attachments":[],"parameters":[],"start":1691057613827,"stop":1691057625829}